#
# There is insufficient memory for the Java Runtime Environment to continue.
# Native memory allocation (mmap) failed to map 268435456 bytes for Failed to commit area from 0x0000000701e00000 to 0x0000000711e00000 of length 268435456.
# Possible reasons:
#   The system is out of physical RAM or swap space
#   The process is running with CompressedOops enabled, and the Java Heap may be blocking the growth of the native heap
# Possible solutions:
#   Reduce memory load on the system
#   Increase physical memory or swap space
#   Check if swap backing store is full
#   Decrease Java heap size (-Xmx/-Xms)
#   Decrease number of Java threads
#   Decrease Java thread stack sizes (-Xss)
#   Set larger code cache with -XX:ReservedCodeCacheSize=
# This output file may be truncated or incomplete.
#
#  Out of Memory Error (./src/hotspot/os/windows/os_windows.cpp:3521), pid=5812, tid=7268
#
# JRE version:  (11.0.12+7) (build )
# Java VM: OpenJDK 64-Bit Server VM (11.0.12+7-b1504.28-7817840, mixed mode, sharing, tiered, compressed oops, g1 gc, windows-amd64)
# No core dump will be written. Minidumps are not enabled by default on client versions of Windows
#

---------------  S U M M A R Y ------------

Command Line: 

Host: Intel(R) Core(TM) i3-4150 CPU @ 3.50GHz, 4 cores, 15G,  Windows 10 , 64 bit Build 19041 (10.0.19041.3393)
Time: Tue Oct 17 11:25:45 2023 Hora oficial do Brasil elapsed time: 0.073510 seconds (0d 0h 0m 0s)

---------------  T H R E A D  ---------------

Current thread (0x000001a470ad9800):  JavaThread "Unknown thread" [_thread_in_vm, id=7268, stack(0x000000059ec00000,0x000000059ed00000)]

Stack: [0x000000059ec00000,0x000000059ed00000]
Native frames: (J=compiled Java code, j=interpreted, Vv=VM code, C=native code)
V  [jvm.dll+0x5fbcea]
V  [jvm.dll+0x731905]
V  [jvm.dll+0x732f1d]
V  [jvm.dll+0x7335d3]
V  [jvm.dll+0x247bf8]
V  [jvm.dll+0x5f90b4]
V  [jvm.dll+0x5edc85]
V  [jvm.dll+0x305aeb]
V  [jvm.dll+0x305a5a]
V  [jvm.dll+0x305932]
V  [jvm.dll+0x30a896]
V  [jvm.dll+0x353803]
V  [jvm.dll+0x353f06]
V  [jvm.dll+0x353903]
V  [jvm.dll+0x2e0678]
V  [jvm.dll+0x2e1827]
V  [jvm.dll+0x710037]
V  [jvm.dll+0x71182c]
V  [jvm.dll+0x360da9]
V  [jvm.dll+0x6f390e]
V  [jvm.dll+0x3c9723]
V  [jvm.dll+0x3cb9b1]
C  [jli.dll+0x536b]
C  [ucrtbase.dll+0x21bb2]
C  [KERNEL32.DLL+0x17344]
C  [ntdll.dll+0x526b1]


---------------  P R O C E S S  ---------------

Threads class SMR info:
_java_thread_list=0x000001a4708b15c0, length=0, elements={
}

Java Threads: ( => current thread )

Other Threads:
  0x000001a470af2800 GCTaskThread "GC Thread#0" [stack: 0x000000059ed00000,0x000000059ee00000] [id=11092]
  0x000001a470b4c800 ConcurrentGCThread "G1 Main Marker" [stack: 0x000000059ee00000,0x000000059ef00000] [id=7388]
  0x000001a470b4e000 ConcurrentGCThread "G1 Conc#0" [stack: 0x000000059ef00000,0x000000059f000000] [id=9048]

[error occurred during error reporting (printing all threads), id 0xc0000005, EXCEPTION_ACCESS_VIOLATION (0xc0000005) at pc=0x00007ff8f7210be7]

VM state:not at safepoint (not fully initialized)

VM Mutex/Monitor currently owned by a thread:  ([mutex/lock_event])
[0x000001a470ad5410] Heap_lock - owner thread: 0x000001a470ad9800

Heap address: 0x0000000701e00000, size: 4066 MB, Compressed Oops mode: Non-zero based: 0x0000000701e00000
Narrow klass base: 0x0000000000000000, Narrow klass shift: 0

GC Heap History (0 events):
No events

Deoptimization events (0 events):
No events

Classes redefined (0 events):
No events

Internal exceptions (0 events):
No events

Events (1 events):
Event: 0.019 Loaded shared library C:\Program Files\Android\Android Studio\jre\bin\zip.dll


Dynamic libraries:
0x00007ff665f90000 - 0x00007ff665f9a000 	C:\Program Files\Android\Android Studio\jre\bin\java.EXE
0x00007ff9620f0000 - 0x00007ff9622e8000 	C:\WINDOWS\SYSTEM32\ntdll.dll
0x00007ff960800000 - 0x00007ff9608bd000 	C:\WINDOWS\System32\KERNEL32.DLL
0x00007ff95fa20000 - 0x00007ff95fd16000 	C:\WINDOWS\System32\KERNELBASE.dll
0x00007ff95f7d0000 - 0x00007ff95f8d0000 	C:\WINDOWS\System32\ucrtbase.dll
0x00007ff943e50000 - 0x00007ff943e69000 	C:\Program Files\Android\Android Studio\jre\bin\jli.dll
0x00007ff9601a0000 - 0x00007ff96033e000 	C:\WINDOWS\System32\USER32.dll
0x00007ff95f940000 - 0x00007ff95f962000 	C:\WINDOWS\System32\win32u.dll
0x00007ff960170000 - 0x00007ff96019c000 	C:\WINDOWS\System32\GDI32.dll
0x00007ff95fd20000 - 0x00007ff95fe3a000 	C:\WINDOWS\System32\gdi32full.dll
0x00007ff95ff20000 - 0x00007ff95ffbd000 	C:\WINDOWS\System32\msvcp_win.dll
0x00007ff931e80000 - 0x00007ff931e97000 	C:\Program Files\Android\Android Studio\jre\bin\VCRUNTIME140.dll
0x00007ff945ec0000 - 0x00007ff94615a000 	C:\WINDOWS\WinSxS\amd64_microsoft.windows.common-controls_6595b64144ccf1df_6.0.19041.1110_none_60b5254171f9507e\COMCTL32.dll
0x00007ff961f70000 - 0x00007ff96200e000 	C:\WINDOWS\System32\msvcrt.dll
0x00007ff9610d0000 - 0x00007ff961100000 	C:\WINDOWS\System32\IMM32.DLL
0x00007ff922f70000 - 0x00007ff92300d000 	C:\Program Files\Android\Android Studio\jre\bin\msvcp140.dll
0x00007ff8f6f20000 - 0x00007ff8f7a05000 	C:\Program Files\Android\Android Studio\jre\bin\server\jvm.dll
0x00007ff9608c0000 - 0x00007ff96096e000 	C:\WINDOWS\System32\ADVAPI32.dll
0x00007ff962010000 - 0x00007ff9620ac000 	C:\WINDOWS\System32\sechost.dll
0x00007ff961d30000 - 0x00007ff961e56000 	C:\WINDOWS\System32\RPCRT4.dll
0x00007ff960620000 - 0x00007ff960628000 	C:\WINDOWS\System32\PSAPI.DLL
0x00007ff949340000 - 0x00007ff949349000 	C:\WINDOWS\SYSTEM32\WSOCK32.dll
0x00007ff961570000 - 0x00007ff9615db000 	C:\WINDOWS\System32\WS2_32.dll
0x00007ff956e20000 - 0x00007ff956e47000 	C:\WINDOWS\SYSTEM32\WINMM.dll
0x00007ff956e50000 - 0x00007ff956e5a000 	C:\WINDOWS\SYSTEM32\VERSION.dll
0x00007ff95d5a0000 - 0x00007ff95d5b2000 	C:\WINDOWS\SYSTEM32\kernel.appcore.dll
0x00007ff954450000 - 0x00007ff954461000 	C:\Program Files\Android\Android Studio\jre\bin\verify.dll
0x00007ff94c470000 - 0x00007ff94c654000 	C:\WINDOWS\SYSTEM32\DBGHELP.DLL
0x00007ff94c430000 - 0x00007ff94c464000 	C:\WINDOWS\SYSTEM32\dbgcore.DLL
0x00007ff95fe90000 - 0x00007ff95ff12000 	C:\WINDOWS\System32\bcryptPrimitives.dll
0x00007ff951d20000 - 0x00007ff951d49000 	C:\Program Files\Android\Android Studio\jre\bin\java.dll
0x00007ff956060000 - 0x00007ff95606b000 	C:\Program Files\Android\Android Studio\jre\bin\jimage.dll
0x00007ff9530e0000 - 0x00007ff9530f8000 	C:\Program Files\Android\Android Studio\jre\bin\zip.dll

dbghelp: loaded successfully - version: 4.0.5 - missing functions: none
symbol engine: initialized successfully - sym options: 0x614 - pdb path: .;C:\Program Files\Android\Android Studio\jre\bin;C:\WINDOWS\SYSTEM32;C:\WINDOWS\WinSxS\amd64_microsoft.windows.common-controls_6595b64144ccf1df_6.0.19041.1110_none_60b5254171f9507e;C:\Program Files\Android\Android Studio\jre\bin\server

VM Arguments:
java_command: <unknown>
java_class_path (initial): <not set>
Launcher Type: SUN_STANDARD

[Global flags]
     intx CICompilerCount                          = 3                                         {product} {ergonomic}
     uint ConcGCThreads                            = 1                                         {product} {ergonomic}
     uint G1ConcRefinementThreads                  = 4                                         {product} {ergonomic}
   size_t G1HeapRegionSize                         = 1048576                                   {product} {ergonomic}
    uintx GCDrainStackTargetSize                   = 64                                        {product} {ergonomic}
   size_t InitialHeapSize                          = 268435456                                 {product} {ergonomic}
   size_t MarkStackSize                            = 4194304                                   {product} {ergonomic}
   size_t MaxHeapSize                              = 4263510016                                {product} {ergonomic}
   size_t MinHeapDeltaBytes                        = 1048576                                   {product} {ergonomic}
    uintx NonNMethodCodeHeapSize                   = 5830732                                {pd product} {ergonomic}
    uintx NonProfiledCodeHeapSize                  = 122913754                              {pd product} {ergonomic}
    uintx ProfiledCodeHeapSize                     = 122913754                              {pd product} {ergonomic}
    uintx ReservedCodeCacheSize                    = 251658240                              {pd product} {ergonomic}
     bool SegmentedCodeCache                       = true                                      {product} {ergonomic}
     bool UseCompressedClassPointers               = true                                 {lp64_product} {ergonomic}
     bool UseCompressedOops                        = true                                 {lp64_product} {ergonomic}
     bool UseG1GC                                  = true                                      {product} {ergonomic}
     bool UseLargePagesIndividualAllocation        = false                                  {pd product} {ergonomic}

Logging:
Log output configuration:
 #0: stdout all=warning uptime,level,tags
 #1: stderr all=off uptime,level,tags

Environment Variables:
JAVA_HOME=C:\Program Files\Java\jdk-15.0.1
PATH=C:\Program Files\Common Files\Oracle\Java\javapath;C:\Program Files (x86)\Common Files\Oracle\Java\javapath;C:\WINDOWS\system32;C:\WINDOWS;C:\WINDOWS\System32\Wbem;C:\WINDOWS\System32\WindowsPowerShell\v1.0\;C:\WINDOWS\System32\OpenSSH\;C:\Program Files (x86)\Oberthur Technologies\AWP\Dlls;C:\Program Files\Oberthur Technologies\AWP\Dlls;C:\Program Files\dotnet\;%JAVA_HOME%\bin;C:\Program Files\Microsoft SQL Server\130\Tools\Binn\;C:\Program Files\Microsoft SQL Server\Client SDK\ODBC\170\Tools\Binn\;C:\Program Files\Git\cmd;C:\Program Files (x86)\ATI Technologies\ATI.ACE\Core-Static;C:\Program Files\nodejs\;C:\Users\Windows 10\AppData\Local\Microsoft\WindowsApps;C:\Users\Windows 10\.dotnet\tools;C:\Users\Windows 10\AppData\Local\Programs\Microsoft VS Code\bin;C:\Users\Windows 10\AppData\Local\flutter\bin;C:\Users\Windows 10\AppData\Local\atom\bin;C:\Users\Windows 10\Documents\prj\sonarqube-9.9.0.65466\bin;C:\Users\Windows 10\AppData\Roaming\npm;C:\Users\Windows 10\AppData\Local\flutter\bin\mingit\cmd
USERNAME=MateusS
OS=Windows_NT
PROCESSOR_IDENTIFIER=Intel64 Family 6 Model 60 Stepping 3, GenuineIntel



---------------  S Y S T E M  ---------------

OS: Windows 10 , 64 bit Build 19041 (10.0.19041.3393)
OS uptime: 12 days 21:07 hours

CPU:total 4 (initial active 4) (2 cores per cpu, 2 threads per core) family 6 model 60 stepping 3 microcode 0x27, cmov, cx8, fxsr, mmx, sse, sse2, sse3, ssse3, sse4.1, sse4.2, popcnt, avx, avx2, aes, clmul, erms, lzcnt, ht, tsc, tscinvbit, bmi1, bmi2, fma

Memory: 4k page, system-wide physical 16259M (2082M free)
TotalPageFile size 16259M (AvailPageFile size 183M)
current process WorkingSet (physical memory assigned to process): 10M, peak: 10M
current process commit charge ("private bytes"): 52M, peak: 307M

vm_info: OpenJDK 64-Bit Server VM (11.0.12+7-b1504.28-7817840) for windows-amd64 JRE (11.0.12+7-b1504.28-7817840), built on Oct 13 2021 22:12:33 by "builder" with MS VC++ 14.0 (VS2015)

END.
