#
# A fatal error has been detected by the Java Runtime Environment:
#
#  EXCEPTION_UNCAUGHT_CXX_EXCEPTION (0xe06d7363) at pc=0x00007ff95fa4cf19, pid=7444, tid=9208
#
# JRE version:  (11.0.12+7) (build )
# Java VM: OpenJDK 64-Bit Server VM (11.0.12+7-b1504.28-7817840, mixed mode, tiered, compressed oops, g1 gc, windows-amd64)
# Problematic frame:
# C  [KERNELBASE.dll+0x2cf19]
#
# No core dump will be written. Minidumps are not enabled by default on client versions of Windows
#
#

---------------  S U M M A R Y ------------

Command Line: 

Host: Intel(R) Core(TM) i3-4150 CPU @ 3.50GHz, 4 cores, 15G,  Windows 10 , 64 bit Build 19041 (10.0.19041.3393)
Time: Tue Oct 17 11:26:55 2023 Hora oficial do Brasil elapsed time: 0.062193 seconds (0d 0h 0m 0s)

---------------  T H R E A D  ---------------

Current thread (0x000001d1098ba800):  JavaThread "Unknown thread" [_thread_in_vm, id=9208, stack(0x000000a790800000,0x000000a790900000)]

Stack: [0x000000a790800000,0x000000a790900000],  sp=0x000000a7908fedd0,  free space=1019k
Native frames: (J=compiled Java code, j=interpreted, Vv=VM code, C=native code)
C  [KERNELBASE.dll+0x2cf19]
C  [VCRUNTIME140.dll+0x4462]
C  [jimage.dll+0x32ef]


siginfo: EXCEPTION_UNCAUGHT_CXX_EXCEPTION (0xe06d7363), ExceptionInformation=0x0000000019930520 0x000000a7908fef50 0x00007ff956064fb0 0x00007ff956060000 


Registers:
RAX=0x0000000000000000, RBX=0x000000000000be41, RCX=0x0000000000000000, RDX=0x0000000000000000
RSP=0x000000a7908fedd0, RBP=0x000000a7908fef10, RSI=0x00007ff956064fb0, RDI=0x000001d10b57dec9
R8 =0x0000000000000000, R9 =0x0000000000000000, R10=0x0000000000000000, R11=0x0000000000000000
R12=0x000000000000be41, R13=0x000001d1098c5a30, R14=0x000000a7908fef50, R15=0x000001d12ac2ce80
RIP=0x00007ff95fa4cf19, EFLAGS=0x0000000000000206

Top of Stack: (sp=0x000000a7908fedd0)
0x000000a7908fedd0:   000001d12a8230f8 000000000000be41
0x000000a7908fede0:   00007ff956064fb0 00007ff8f7283cdb
0x000000a7908fedf0:   00000001e06d7363 0000000000000000
0x000000a7908fee00:   00007ff95fa4cf19 0000000000000004
0x000000a7908fee10:   0000000019930520 000000a7908fef50
0x000000a7908fee20:   00007ff956064fb0 00007ff956060000
0x000000a7908fee30:   000001d1098c5a30 000000000000be41
0x000000a7908fee40:   00007ff956064fb0 000000a7908fef10
0x000000a7908fee50:   000000a7908fef30 00007ff962124a5f
0x000000a7908fee60:   000001d10b57dec9 000000a700000000
0x000000a7908fee70:   00000003007f003c 0000000010000616
0x000000a7908fee80:   00007ff956067000 00007ff956060000
0x000000a7908fee90:   000037245d153df2 00007ff9621407c0
0x000000a7908feea0:   000000000000be41 00007ff931e84462
0x000000a7908feeb0:   000001d129f01a00 00007ff95fa70e7b
0x000000a7908feec0:   000001d1096602ac 00007ff9621407c0 

Instructions: (pc=0x00007ff95fa4cf19)
0x00007ff95fa4ce19:   09 00 48 8b 84 24 b8 00 00 00 48 8b 8c 24 b0 05
0x00007ff95fa4ce29:   00 00 48 33 cc e8 ed 86 06 00 48 81 c4 c0 05 00
0x00007ff95fa4ce39:   00 41 5f 41 5e 41 5d 5e 5b c3 cc 48 ff 15 ad 7f
0x00007ff95fa4ce49:   1b 00 0f 1f 44 00 00 eb b0 cc cc cc cc cc cc cc
0x00007ff95fa4ce59:   cc cc cc cc cc cc cc 40 53 48 83 ec 30 48 8b d1
0x00007ff95fa4ce69:   48 8d 4c 24 20 e8 5d 23 00 00 85 c0 74 26 48 8b
0x00007ff95fa4ce79:   4c 24 28 e8 ef 38 00 00 48 8d 4c 24 20 8b d8 48
0x00007ff95fa4ce89:   ff 15 b1 79 1b 00 0f 1f 44 00 00 8b c3 48 83 c4
0x00007ff95fa4ce99:   30 5b c3 cc 83 c8 ff eb f4 cc cc cc cc cc cc cc
0x00007ff95fa4cea9:   cc cc cc cc cc cc cc 48 81 ec d8 00 00 00 48 8b
0x00007ff95fa4ceb9:   05 e2 9f 28 00 48 33 c4 48 89 84 24 c0 00 00 00
0x00007ff95fa4cec9:   48 83 64 24 28 00 48 8d 05 da ff ff ff 83 e2 01
0x00007ff95fa4ced9:   89 4c 24 20 89 54 24 24 48 89 44 24 30 4d 85 c9
0x00007ff95fa4cee9:   74 4c b8 0f 00 00 00 48 8d 4c 24 40 44 3b c0 49
0x00007ff95fa4cef9:   8b d1 44 0f 47 c0 44 89 44 24 38 49 c1 e0 03 e8
0x00007ff95fa4cf09:   ea 91 08 00 48 8d 4c 24 20 48 ff 15 ff 80 1b 00
0x00007ff95fa4cf19:   0f 1f 44 00 00 48 8b 8c 24 c0 00 00 00 48 33 cc
0x00007ff95fa4cf29:   e8 f2 85 06 00 48 81 c4 d8 00 00 00 c3 cc 83 64
0x00007ff95fa4cf39:   24 38 00 eb cf cc cc cc cc cc cc cc cc cc cc cc
0x00007ff95fa4cf49:   cc cc cc cc cc cc cc 65 48 8b 04 25 30 00 00 00
0x00007ff95fa4cf59:   8b 40 68 c3 cc cc cc cc cc cc cc cc cc cc cc cc
0x00007ff95fa4cf69:   cc cc cc cc cc cc cc 48 89 5c 24 10 48 89 74 24
0x00007ff95fa4cf79:   18 57 41 54 41 55 41 56 41 57 48 81 ec b0 02 00
0x00007ff95fa4cf89:   00 48 8b 05 0f 9f 28 00 48 33 c4 48 89 84 24 a0
0x00007ff95fa4cf99:   02 00 00 48 8d 15 0f e6 1b 00 48 85 c9 48 0f 45
0x00007ff95fa4cfa9:   d1 48 89 94 24 80 00 00 00 48 83 c8 ff 48 ff c0
0x00007ff95fa4cfb9:   80 3c 02 00 75 f7 48 ff c0 48 89 84 24 88 00 00
0x00007ff95fa4cfc9:   00 48 89 94 24 90 00 00 00 4c 8d 8c 24 88 00 00
0x00007ff95fa4cfd9:   00 33 d2 b9 06 00 01 40 44 8d 42 02 e8 c6 fe ff
0x00007ff95fa4cfe9:   ff e9 f0 01 00 00 33 f6 48 89 74 24 60 45 33 ff
0x00007ff95fa4cff9:   4c 89 7c 24 48 45 33 f6 4c 89 74 24 58 33 ff 48
0x00007ff95fa4d009:   89 7c 24 50 e8 3e ff ff ff 89 44 24 40 48 39 35 



---------------  P R O C E S S  ---------------

Threads class SMR info:
_java_thread_list=0x000001d1096f1d40, length=0, elements={
}

Java Threads: ( => current thread )

Other Threads:
  0x000001d1098d3000 GCTaskThread "GC Thread#0" [stack: 0x000000a790900000,0x000000a790a00000] [id=4060]
  0x000001d10992d800 ConcurrentGCThread "G1 Main Marker" [stack: 0x000000a790a00000,0x000000a790b00000] [id=13204]
  0x000001d10992f000 ConcurrentGCThread "G1 Conc#0" [stack: 0x000000a790b00000,0x000000a790c00000] [id=10916]
  0x000001d10999d800 ConcurrentGCThread "G1 Refine#0" [stack: 0x000000a790c00000,0x000000a790d00000] [id=13768]
  0x000001d129eae000 ConcurrentGCThread "G1 Young RemSet Sampling" [stack: 0x000000a790d00000,0x000000a790e00000] [id=7196]

=>0x000001d1098ba800 (exited) JavaThread "Unknown thread" [_thread_in_vm, id=9208, stack(0x000000a790800000,0x000000a790900000)]

Threads with active compile tasks:

VM state:not at safepoint (not fully initialized)

VM Mutex/Monitor currently owned by a thread: None

Heap address: 0x0000000701e00000, size: 4066 MB, Compressed Oops mode: Zero based, Oop shift amount: 3
Narrow klass base: 0x0000000800000000, Narrow klass shift: 0
Compressed class space size: 1073741824 Address: 0x0000000800000000

GC Heap History (0 events):
No events

Deoptimization events (0 events):
No events

Classes redefined (0 events):
No events

Internal exceptions (0 events):
No events

Events (12 events):
Event: 0.016 Loaded shared library C:\Program Files\Android\Android Studio\jre\bin\zip.dll
Event: 0.049 loading class java/lang/Object
Event: 0.050 loading class java/lang/Object done
Event: 0.050 loading class java/lang/String
Event: 0.051 loading class java/io/Serializable
Event: 0.051 loading class java/io/Serializable done
Event: 0.051 loading class java/lang/Comparable
Event: 0.051 loading class java/lang/Comparable done
Event: 0.051 loading class java/lang/CharSequence
Event: 0.052 loading class java/lang/CharSequence done
Event: 0.052 loading class java/lang/String done
Event: 0.052 loading class java/lang/Class


Dynamic libraries:
0x00007ff665f90000 - 0x00007ff665f9a000 	C:\Program Files\Android\Android Studio\jre\bin\java.EXE
0x00007ff9620f0000 - 0x00007ff9622e8000 	C:\WINDOWS\SYSTEM32\ntdll.dll
0x00007ff960800000 - 0x00007ff9608bd000 	C:\WINDOWS\System32\KERNEL32.DLL
0x00007ff95fa20000 - 0x00007ff95fd16000 	C:\WINDOWS\System32\KERNELBASE.dll
0x00007ff95f7d0000 - 0x00007ff95f8d0000 	C:\WINDOWS\System32\ucrtbase.dll
0x00007ff943e50000 - 0x00007ff943e69000 	C:\Program Files\Android\Android Studio\jre\bin\jli.dll
0x00007ff9601a0000 - 0x00007ff96033e000 	C:\WINDOWS\System32\USER32.dll
0x00007ff95f940000 - 0x00007ff95f962000 	C:\WINDOWS\System32\win32u.dll
0x00007ff960170000 - 0x00007ff96019c000 	C:\WINDOWS\System32\GDI32.dll
0x00007ff95fd20000 - 0x00007ff95fe3a000 	C:\WINDOWS\System32\gdi32full.dll
0x00007ff95ff20000 - 0x00007ff95ffbd000 	C:\WINDOWS\System32\msvcp_win.dll
0x00007ff931e80000 - 0x00007ff931e97000 	C:\Program Files\Android\Android Studio\jre\bin\VCRUNTIME140.dll
0x00007ff945ec0000 - 0x00007ff94615a000 	C:\WINDOWS\WinSxS\amd64_microsoft.windows.common-controls_6595b64144ccf1df_6.0.19041.1110_none_60b5254171f9507e\COMCTL32.dll
0x00007ff961f70000 - 0x00007ff96200e000 	C:\WINDOWS\System32\msvcrt.dll
0x00007ff9610d0000 - 0x00007ff961100000 	C:\WINDOWS\System32\IMM32.DLL
0x00007ff922f70000 - 0x00007ff92300d000 	C:\Program Files\Android\Android Studio\jre\bin\msvcp140.dll
0x00007ff8f6f20000 - 0x00007ff8f7a05000 	C:\Program Files\Android\Android Studio\jre\bin\server\jvm.dll
0x00007ff9608c0000 - 0x00007ff96096e000 	C:\WINDOWS\System32\ADVAPI32.dll
0x00007ff962010000 - 0x00007ff9620ac000 	C:\WINDOWS\System32\sechost.dll
0x00007ff961d30000 - 0x00007ff961e56000 	C:\WINDOWS\System32\RPCRT4.dll
0x00007ff960620000 - 0x00007ff960628000 	C:\WINDOWS\System32\PSAPI.DLL
0x00007ff949340000 - 0x00007ff949349000 	C:\WINDOWS\SYSTEM32\WSOCK32.dll
0x00007ff961570000 - 0x00007ff9615db000 	C:\WINDOWS\System32\WS2_32.dll
0x00007ff956e20000 - 0x00007ff956e47000 	C:\WINDOWS\SYSTEM32\WINMM.dll
0x00007ff956e50000 - 0x00007ff956e5a000 	C:\WINDOWS\SYSTEM32\VERSION.dll
0x00007ff95d5a0000 - 0x00007ff95d5b2000 	C:\WINDOWS\SYSTEM32\kernel.appcore.dll
0x00007ff954450000 - 0x00007ff954461000 	C:\Program Files\Android\Android Studio\jre\bin\verify.dll
0x00007ff94c470000 - 0x00007ff94c654000 	C:\WINDOWS\SYSTEM32\DBGHELP.DLL
0x00007ff94c430000 - 0x00007ff94c464000 	C:\WINDOWS\SYSTEM32\dbgcore.DLL
0x00007ff95fe90000 - 0x00007ff95ff12000 	C:\WINDOWS\System32\bcryptPrimitives.dll
0x00007ff951d20000 - 0x00007ff951d49000 	C:\Program Files\Android\Android Studio\jre\bin\java.dll
0x00007ff956060000 - 0x00007ff95606b000 	C:\Program Files\Android\Android Studio\jre\bin\jimage.dll
0x00007ff9530e0000 - 0x00007ff9530f8000 	C:\Program Files\Android\Android Studio\jre\bin\zip.dll

dbghelp: loaded successfully - version: 4.0.5 - missing functions: none
symbol engine: initialized successfully - sym options: 0x614 - pdb path: .;C:\Program Files\Android\Android Studio\jre\bin;C:\WINDOWS\SYSTEM32;C:\WINDOWS\WinSxS\amd64_microsoft.windows.common-controls_6595b64144ccf1df_6.0.19041.1110_none_60b5254171f9507e;C:\Program Files\Android\Android Studio\jre\bin\server

VM Arguments:
java_command: <unknown>
java_class_path (initial): <not set>
Launcher Type: SUN_STANDARD

[Global flags]
     intx CICompilerCount                          = 3                                         {product} {ergonomic}
     uint ConcGCThreads                            = 1                                         {product} {ergonomic}
     uint G1ConcRefinementThreads                  = 4                                         {product} {ergonomic}
   size_t G1HeapRegionSize                         = 1048576                                   {product} {ergonomic}
    uintx GCDrainStackTargetSize                   = 64                                        {product} {ergonomic}
   size_t InitialHeapSize                          = 268435456                                 {product} {ergonomic}
   size_t MarkStackSize                            = 4194304                                   {product} {ergonomic}
   size_t MaxHeapSize                              = 4263510016                                {product} {ergonomic}
   size_t MaxNewSize                               = 2557476864                                {product} {ergonomic}
   size_t MinHeapDeltaBytes                        = 1048576                                   {product} {ergonomic}
    uintx NonNMethodCodeHeapSize                   = 5830732                                {pd product} {ergonomic}
    uintx NonProfiledCodeHeapSize                  = 122913754                              {pd product} {ergonomic}
    uintx ProfiledCodeHeapSize                     = 122913754                              {pd product} {ergonomic}
    uintx ReservedCodeCacheSize                    = 251658240                              {pd product} {ergonomic}
     bool SegmentedCodeCache                       = true                                      {product} {ergonomic}
     bool UseCompressedClassPointers               = true                                 {lp64_product} {ergonomic}
     bool UseCompressedOops                        = true                                 {lp64_product} {ergonomic}
     bool UseG1GC                                  = true                                      {product} {ergonomic}
     bool UseLargePagesIndividualAllocation        = false                                  {pd product} {ergonomic}

Logging:
Log output configuration:
 #0: stdout all=warning uptime,level,tags
 #1: stderr all=off uptime,level,tags

Environment Variables:
JAVA_HOME=C:\Program Files\Java\jdk-15.0.1
PATH=C:\Program Files\Common Files\Oracle\Java\javapath;C:\Program Files (x86)\Common Files\Oracle\Java\javapath;C:\WINDOWS\system32;C:\WINDOWS;C:\WINDOWS\System32\Wbem;C:\WINDOWS\System32\WindowsPowerShell\v1.0\;C:\WINDOWS\System32\OpenSSH\;C:\Program Files (x86)\Oberthur Technologies\AWP\Dlls;C:\Program Files\Oberthur Technologies\AWP\Dlls;C:\Program Files\dotnet\;%JAVA_HOME%\bin;C:\Program Files\Microsoft SQL Server\130\Tools\Binn\;C:\Program Files\Microsoft SQL Server\Client SDK\ODBC\170\Tools\Binn\;C:\Program Files\Git\cmd;C:\Program Files (x86)\ATI Technologies\ATI.ACE\Core-Static;C:\Program Files\nodejs\;C:\Users\Windows 10\AppData\Local\Microsoft\WindowsApps;C:\Users\Windows 10\.dotnet\tools;C:\Users\Windows 10\AppData\Local\Programs\Microsoft VS Code\bin;C:\Users\Windows 10\AppData\Local\flutter\bin;C:\Users\Windows 10\AppData\Local\atom\bin;C:\Users\Windows 10\Documents\prj\sonarqube-9.9.0.65466\bin;C:\Users\Windows 10\AppData\Roaming\npm;C:\Users\Windows 10\AppData\Local\flutter\bin\mingit\cmd
USERNAME=MateusS
OS=Windows_NT
PROCESSOR_IDENTIFIER=Intel64 Family 6 Model 60 Stepping 3, GenuineIntel



---------------  S Y S T E M  ---------------

OS: Windows 10 , 64 bit Build 19041 (10.0.19041.3393)
OS uptime: 12 days 21:08 hours

CPU:total 4 (initial active 4) (2 cores per cpu, 2 threads per core) family 6 model 60 stepping 3 microcode 0x27, cmov, cx8, fxsr, mmx, sse, sse2, sse3, ssse3, sse4.1, sse4.2, popcnt, avx, avx2, aes, clmul, erms, lzcnt, ht, tsc, tscinvbit, bmi1, bmi2, fma

Memory: 4k page, system-wide physical 16259M (2057M free)
TotalPageFile size 16259M (AvailPageFile size 2M)
current process WorkingSet (physical memory assigned to process): 23M, peak: 23M
current process commit charge ("private bytes"): 321M, peak: 324M

vm_info: OpenJDK 64-Bit Server VM (11.0.12+7-b1504.28-7817840) for windows-amd64 JRE (11.0.12+7-b1504.28-7817840), built on Oct 13 2021 22:12:33 by "builder" with MS VC++ 14.0 (VS2015)

END.
