#
# There is insufficient memory for the Java Runtime Environment to continue.
# Native memory allocation (mmap) failed to map 268435456 bytes for G1 virtual space
# Possible reasons:
#   The system is out of physical RAM or swap space
#   The process is running with CompressedOops enabled, and the Java Heap may be blocking the growth of the native heap
# Possible solutions:
#   Reduce memory load on the system
#   Increase physical memory or swap space
#   Check if swap backing store is full
#   Decrease Java heap size (-Xmx/-Xms)
#   Decrease number of Java threads
#   Decrease Java thread stack sizes (-Xss)
#   Set larger code cache with -XX:ReservedCodeCacheSize=
#   JVM is running with Zero Based Compressed Oops mode in which the Java heap is
#     placed in the first 32GB address space. The Java Heap base address is the
#     maximum limit for the native heap growth. Please use -XX:HeapBaseMinAddress
#     to set the Java Heap base and to place the Java Heap above 32GB virtual address.
# This output file may be truncated or incomplete.
#
#  Out of Memory Error (./open/src/hotspot/os/windows/os_windows.cpp:3472), pid=2756, tid=3344
#
# JRE version:  (15.0.1+9) (build )
# Java VM: Java HotSpot(TM) 64-Bit Server VM (15.0.1+9-18, mixed mode, sharing, tiered, compressed oops, g1 gc, windows-amd64)
# No core dump will be written. Minidumps are not enabled by default on client versions of Windows
#

---------------  S U M M A R Y ------------

Command Line: -Dorg.gradle.appname=gradlew org.gradle.wrapper.GradleWrapperMain -q -Ptarget-platform=android-x86 -Ptarget=C:\Users\Windows 10\Documents\prj\estudoFlutter\pedrapapeltesoura\lib\main.dart -Pbase-application-name=android.app.Application -Pdart-defines=Zmx1dHRlci5pbnNwZWN0b3Iuc3RydWN0dXJlZEVycm9ycz10cnVl,RkxVVFRFUl9XRUJfQVVUT19ERVRFQ1Q9dHJ1ZQ== -Pdart-obfuscation=false -Ptrack-widget-creation=true -Ptree-shake-icons=false -Pfilesystem-scheme=org-dartlang-root assembleDebug

Host: Intel(R) Core(TM) i3-4150 CPU @ 3.50GHz, 4 cores, 15G,  Windows 10 , 64 bit Build 19041 (10.0.19041.3393)
Time: Tue Oct 17 11:23:05 2023 Hora oficial do Brasil elapsed time: 0.079470 seconds (0d 0h 0m 0s)

---------------  T H R E A D  ---------------

Current thread (0x000001ba6a9b6370):  JavaThread "Unknown thread" [_thread_in_vm, id=3344, stack(0x000000b8a7d00000,0x000000b8a7e00000)]

Stack: [0x000000b8a7d00000,0x000000b8a7e00000]
Native frames: (J=compiled Java code, j=interpreted, Vv=VM code, C=native code)
V  [jvm.dll+0x62ae9a]
V  [jvm.dll+0x781389]
V  [jvm.dll+0x782ae3]
V  [jvm.dll+0x783143]
V  [jvm.dll+0x216265]
V  [jvm.dll+0x6281d9]
V  [jvm.dll+0x61cd15]
V  [jvm.dll+0x2d01fd]
V  [jvm.dll+0x2d0062]
V  [jvm.dll+0x2d603c]
V  [jvm.dll+0x325b2a]
V  [jvm.dll+0x3251f4]
V  [jvm.dll+0x2a717a]
V  [jvm.dll+0x2a8318]
V  [jvm.dll+0x75e101]
V  [jvm.dll+0x3343e4]
V  [jvm.dll+0x73e826]
V  [jvm.dll+0x3b7777]
V  [jvm.dll+0x3b9201]
C  [jli.dll+0x52fb]
C  [ucrtbase.dll+0x21bb2]
C  [KERNEL32.DLL+0x17344]
C  [ntdll.dll+0x526b1]


---------------  P R O C E S S  ---------------

Threads class SMR info:
_java_thread_list=0x00007ff92aa04ff0, length=0, elements={
}

Java Threads: ( => current thread )

Other Threads:
  0x000001ba6aa06ab0 GCTaskThread "GC Thread#0" [stack: 0x000000b8a7e00000,0x000000b8a7f00000] [id=3700]
  0x000001ba6aa181b0 ConcurrentGCThread "G1 Main Marker" [stack: 0x000000b8a7f00000,0x000000b8a8000000] [id=1148]
  0x000001ba6aa18da0 ConcurrentGCThread "G1 Conc#0" [stack: 0x000000b8a8000000,0x000000b8a8100000] [id=8732]

[error occurred during error reporting (printing all threads), id 0xc0000005, EXCEPTION_ACCESS_VIOLATION (0xc0000005) at pc=0x00007ff92a1f8047]

VM state: not at safepoint (not fully initialized)

VM Mutex/Monitor currently owned by a thread:  ([mutex/lock_event])
[0x000001ba6a9aef40] Heap_lock - owner thread: 0x000001ba6a9b6370

Heap address: 0x0000000701e00000, size: 4066 MB, Compressed Oops mode: Zero based, Oop shift amount: 3
CDS archive(s) mapped at: [0x0000000000000000-0x0000000000000000-0x0000000000000000), size 0, SharedBaseAddress: 0x0000000800000000, ArchiveRelocationMode: 0.
Narrow klass base: 0x0000000000000000, Narrow klass shift: 0, Narrow klass range: 0x0

Heap:
 garbage-first heap   total 262144K, used 0K [0x0000000701e00000, 0x0000000800000000)
  region size 2048K, 0 young (0K), 0 survivors (0K)
 Metaspace       used 0K, capacity 0K, committed 0K, reserved 0K
  class space    used 0K, capacity 0K, committed 0K, reserved 0K

Heap Regions: E=young(eden), S=young(survivor), O=old, HS=humongous(starts), HC=humongous(continues), CS=collection set, F=free, OA=open archive, CA=closed archive, TAMS=top-at-mark-start (previous, next)

Card table byte_map: [0x000001ba751f0000,0x000001ba759f0000] _byte_map_base: 0x000001ba719e1000

Marking Bits (Prev, Next): (CMBitMap*) 0x000001ba6aa072a0, (CMBitMap*) 0x000001ba6aa072e0
 Prev Bits: [0x000001ba761f0000, 0x000001ba7a178000)
 Next Bits: [0x000001ba7a180000, 0x000001ba7e108000)

GC Heap History (0 events):
No events

Deoptimization events (0 events):
No events

Classes unloaded (0 events):
No events

Classes redefined (0 events):
No events

Internal exceptions (0 events):
No events

Events (1 events):
Event: 0.031 Loaded shared library C:\Program Files\Java\jdk-15.0.1\bin\java.dll


Dynamic libraries:
0x00007ff7fe1a0000 - 0x00007ff7fe1af000 	C:\Program Files\Java\jdk-15.0.1\bin\java.exe
0x00007ff9620f0000 - 0x00007ff9622e8000 	C:\WINDOWS\SYSTEM32\ntdll.dll
0x00007ff960800000 - 0x00007ff9608bd000 	C:\WINDOWS\System32\KERNEL32.DLL
0x00007ff95fa20000 - 0x00007ff95fd16000 	C:\WINDOWS\System32\KERNELBASE.dll
0x00007ff95f7d0000 - 0x00007ff95f8d0000 	C:\WINDOWS\System32\ucrtbase.dll
0x00007ff955720000 - 0x00007ff955739000 	C:\Program Files\Java\jdk-15.0.1\bin\VCRUNTIME140.dll
0x00007ff955700000 - 0x00007ff955718000 	C:\Program Files\Java\jdk-15.0.1\bin\jli.dll
0x00007ff9608c0000 - 0x00007ff96096e000 	C:\WINDOWS\System32\ADVAPI32.dll
0x00007ff961f70000 - 0x00007ff96200e000 	C:\WINDOWS\System32\msvcrt.dll
0x00007ff962010000 - 0x00007ff9620ac000 	C:\WINDOWS\System32\sechost.dll
0x00007ff961d30000 - 0x00007ff961e56000 	C:\WINDOWS\System32\RPCRT4.dll
0x00007ff9601a0000 - 0x00007ff96033e000 	C:\WINDOWS\System32\USER32.dll
0x00007ff95f940000 - 0x00007ff95f962000 	C:\WINDOWS\System32\win32u.dll
0x00007ff960170000 - 0x00007ff96019c000 	C:\WINDOWS\System32\GDI32.dll
0x00007ff95fd20000 - 0x00007ff95fe3a000 	C:\WINDOWS\System32\gdi32full.dll
0x00007ff95ff20000 - 0x00007ff95ffbd000 	C:\WINDOWS\System32\msvcp_win.dll
0x00007ff945ec0000 - 0x00007ff94615a000 	C:\WINDOWS\WinSxS\amd64_microsoft.windows.common-controls_6595b64144ccf1df_6.0.19041.1110_none_60b5254171f9507e\COMCTL32.dll
0x00007ff956e50000 - 0x00007ff956e5a000 	C:\WINDOWS\SYSTEM32\VERSION.dll
0x00007ff9610d0000 - 0x00007ff961100000 	C:\WINDOWS\System32\IMM32.DLL
0x00007ff957f60000 - 0x00007ff957f6c000 	C:\Program Files\Java\jdk-15.0.1\bin\vcruntime140_1.dll
0x00007ff9532f0000 - 0x00007ff953381000 	C:\Program Files\Java\jdk-15.0.1\bin\msvcp140.dll
0x00007ff929f40000 - 0x00007ff92aa9e000 	C:\Program Files\Java\jdk-15.0.1\bin\server\jvm.dll
0x00007ff960620000 - 0x00007ff960628000 	C:\WINDOWS\System32\PSAPI.DLL
0x00007ff949340000 - 0x00007ff949349000 	C:\WINDOWS\SYSTEM32\WSOCK32.dll
0x00007ff956e20000 - 0x00007ff956e47000 	C:\WINDOWS\SYSTEM32\WINMM.dll
0x00007ff961570000 - 0x00007ff9615db000 	C:\WINDOWS\System32\WS2_32.dll
0x00007ff95d5a0000 - 0x00007ff95d5b2000 	C:\WINDOWS\SYSTEM32\kernel.appcore.dll
0x00007ff957ce0000 - 0x00007ff957cea000 	C:\Program Files\Java\jdk-15.0.1\bin\jimage.dll
0x00007ff94c470000 - 0x00007ff94c654000 	C:\WINDOWS\SYSTEM32\DBGHELP.DLL
0x00007ff94c430000 - 0x00007ff94c464000 	C:\WINDOWS\SYSTEM32\dbgcore.DLL
0x00007ff95fe90000 - 0x00007ff95ff12000 	C:\WINDOWS\System32\bcryptPrimitives.dll
0x00007ff953f90000 - 0x00007ff953fb5000 	C:\Program Files\Java\jdk-15.0.1\bin\java.dll

dbghelp: loaded successfully - version: 4.0.5 - missing functions: none
symbol engine: initialized successfully - sym options: 0x614 - pdb path: .;C:\Program Files\Java\jdk-15.0.1\bin;C:\WINDOWS\SYSTEM32;C:\WINDOWS\WinSxS\amd64_microsoft.windows.common-controls_6595b64144ccf1df_6.0.19041.1110_none_60b5254171f9507e;C:\Program Files\Java\jdk-15.0.1\bin\server

VM Arguments:
jvm_args: -Dorg.gradle.appname=gradlew 
java_command: org.gradle.wrapper.GradleWrapperMain -q -Ptarget-platform=android-x86 -Ptarget=C:\Users\Windows 10\Documents\prj\estudoFlutter\pedrapapeltesoura\lib\main.dart -Pbase-application-name=android.app.Application -Pdart-defines=Zmx1dHRlci5pbnNwZWN0b3Iuc3RydWN0dXJlZEVycm9ycz10cnVl,RkxVVFRFUl9XRUJfQVVUT19ERVRFQ1Q9dHJ1ZQ== -Pdart-obfuscation=false -Ptrack-widget-creation=true -Ptree-shake-icons=false -Pfilesystem-scheme=org-dartlang-root assembleDebug
java_class_path (initial): C:\Users\Windows 10\Documents\prj\estudoFlutter\pedrapapeltesoura\android\\gradle\wrapper\gradle-wrapper.jar
Launcher Type: SUN_STANDARD

[Global flags]
     intx CICompilerCount                          = 3                                         {product} {ergonomic}
     uint ConcGCThreads                            = 1                                         {product} {ergonomic}
     uint G1ConcRefinementThreads                  = 4                                         {product} {ergonomic}
   size_t G1HeapRegionSize                         = 2097152                                   {product} {ergonomic}
    uintx GCDrainStackTargetSize                   = 64                                        {product} {ergonomic}
   size_t InitialHeapSize                          = 268435456                                 {product} {ergonomic}
   size_t MarkStackSize                            = 4194304                                   {product} {ergonomic}
   size_t MaxHeapSize                              = 4263510016                                {product} {ergonomic}
   size_t MinHeapDeltaBytes                        = 2097152                                   {product} {ergonomic}
   size_t MinHeapSize                              = 8388608                                   {product} {ergonomic}
    uintx NonNMethodCodeHeapSize                   = 5832780                                {pd product} {ergonomic}
    uintx NonProfiledCodeHeapSize                  = 122912730                              {pd product} {ergonomic}
    uintx ProfiledCodeHeapSize                     = 122912730                              {pd product} {ergonomic}
    uintx ReservedCodeCacheSize                    = 251658240                              {pd product} {ergonomic}
     bool SegmentedCodeCache                       = true                                      {product} {ergonomic}
   size_t SoftMaxHeapSize                          = 4263510016                             {manageable} {ergonomic}
     bool UseCompressedClassPointers               = true                                 {lp64_product} {ergonomic}
     bool UseCompressedOops                        = true                                 {lp64_product} {ergonomic}
     bool UseG1GC                                  = true                                      {product} {ergonomic}
     bool UseLargePagesIndividualAllocation        = false                                  {pd product} {ergonomic}

Logging:
Log output configuration:
 #0: stdout all=warning uptime,level,tags
 #1: stderr all=off uptime,level,tags

Environment Variables:
JAVA_HOME=C:\Program Files\Java\jdk-15.0.1
CLASSPATH=C:\Users\Windows 10\Documents\prj\estudoFlutter\pedrapapeltesoura\android\\gradle\wrapper\gradle-wrapper.jar
PATH=C:\Program Files\Common Files\Oracle\Java\javapath;C:\Program Files (x86)\Common Files\Oracle\Java\javapath;C:\WINDOWS\system32;C:\WINDOWS;C:\WINDOWS\System32\Wbem;C:\WINDOWS\System32\WindowsPowerShell\v1.0\;C:\WINDOWS\System32\OpenSSH\;C:\Program Files (x86)\Oberthur Technologies\AWP\Dlls;C:\Program Files\Oberthur Technologies\AWP\Dlls;C:\Program Files\dotnet\;%JAVA_HOME%\bin;C:\Program Files\Microsoft SQL Server\130\Tools\Binn\;C:\Program Files\Microsoft SQL Server\Client SDK\ODBC\170\Tools\Binn\;C:\Program Files\Git\cmd;C:\Program Files (x86)\ATI Technologies\ATI.ACE\Core-Static;C:\Program Files\nodejs\;C:\Users\Windows 10\AppData\Local\Microsoft\WindowsApps;C:\Users\Windows 10\.dotnet\tools;C:\Users\Windows 10\AppData\Local\Programs\Microsoft VS Code\bin;C:\Users\Windows 10\AppData\Local\flutter\bin;C:\Users\Windows 10\AppData\Local\atom\bin;C:\Users\Windows 10\Documents\prj\sonarqube-9.9.0.65466\bin;C:\Users\Windows 10\AppData\Roaming\npm;C:\Users\Windows 10\AppData\Local\flutter\bin\mingit\cmd
USERNAME=MateusS
OS=Windows_NT
PROCESSOR_IDENTIFIER=Intel64 Family 6 Model 60 Stepping 3, GenuineIntel



---------------  S Y S T E M  ---------------

OS:
 Windows 10 , 64 bit Build 19041 (10.0.19041.3393)
OS uptime: 12 days 21:05 hours

CPU: total 4 (initial active 4) (2 cores per cpu, 2 threads per core) family 6 model 60 stepping 3 microcode 0x27, cmov, cx8, fxsr, mmx, sse, sse2, sse3, ssse3, sse4.1, sse4.2, popcnt, vzeroupper, avx, avx2, aes, clmul, erms, lzcnt, ht, tsc, tscinvbit, bmi1, bmi2, fma, clflush

Memory: 4k page, system-wide physical 16259M (2444M free)
TotalPageFile size 16259M (AvailPageFile size 165M)
current process WorkingSet (physical memory assigned to process): 10M, peak: 10M
current process commit charge ("private bytes"): 52M, peak: 307M

vm_info: Java HotSpot(TM) 64-Bit Server VM (15.0.1+9-18) for windows-amd64 JRE (15.0.1+9-18), built on Sep 15 2020 14:43:54 by "mach5one" with unknown MS VC++:1925

END.
